Using pre-set license
Built from '2020.3/china_unity/release' branch; Version is '2020.3.34f1c2 (841de61e17c8) revision 8658406'; Using compiler version '192528614'; Build Type 'Release'
OS: 'Windows 11  (10.0.22000) 64bit CoreCountrySpecific' Language: 'zh' Physical Memory: 16108 MB
BatchMode: 1, IsHumanControllingUs: 0, StartBugReporterOnCrash: 0, Is64bit: 1, IsPro: 0

COMMAND LINE ARGUMENTS:
D:\Program Files\Unity\Hub\Editor\2020.3.34f1c2\Editor\Unity.exe
-adb2
-batchMode
-noUpm
-name
AssetImportWorker0
-projectPath
D:/programming/unity/VR-fancy-office/VRFancyOffice
-logFile
Logs/AssetImportWorker0.log
-srvPort
51151
Successfully changed project path to: D:/programming/unity/VR-fancy-office/VRFancyOffice
D:/programming/unity/VR-fancy-office/VRFancyOffice
Using Asset Import Pipeline V2.
AS: AutoStreaming module initializing.Refreshing native plugins compatible for Editor in 91.09 ms, found 8 plugins.
Preloading 1 native plugins for Editor in 0.37 ms.
Initialize engine version: 2020.3.34f1c2 (841de61e17c8)
[Subsystems] Discovering subsystems at path D:/Program Files/Unity/Hub/Editor/2020.3.34f1c2/Editor/Data/Resources/UnitySubsystems
[Subsystems] Discovering subsystems at path D:/programming/unity/VR-fancy-office/VRFancyOffice/Assets
GfxDevice: creating device client; threaded=0
Direct3D:
    Version:  Direct3D 11.0 [level 11.1]
    Renderer: NVIDIA GeForce RTX 3050 Ti Laptop GPU (ID=0x25e0)
    Vendor:   
    VRAM:     3990 MB
    Driver:   30.0.15.1264
Shader 'Oculus/OVRMRCameraFrameLit': fallback shader 'Alpha-Diffuse' not found
Initialize mono
Mono path[0] = 'D:/Program Files/Unity/Hub/Editor/2020.3.34f1c2/Editor/Data/Managed'
Mono path[1] = 'D:/Program Files/Unity/Hub/Editor/2020.3.34f1c2/Editor/Data/MonoBleedingEdge/lib/mono/unityjit'
Mono config path = 'D:/Program Files/Unity/Hub/Editor/2020.3.34f1c2/Editor/Data/MonoBleedingEdge/etc'
Using monoOptions --debugger-agent=transport=dt_socket,embedding=1,server=y,suspend=n,address=127.0.0.1:56888
Begin MonoManager ReloadAssembly
Registering precompiled unity dll's ...
Register platform support module: D:/Program Files/Unity/Hub/Editor/2020.3.34f1c2/Editor/Data/PlaybackEngines/WindowsStandaloneSupport/UnityEditor.WindowsStandalone.Extensions.dll
Registered in 0.000651 seconds.
Native extension for WindowsStandalone target not found
Refreshing native plugins compatible for Editor in 55.29 ms, found 8 plugins.
Preloading 1 native plugins for Editor in 0.03 ms.
Mono: successfully reloaded assembly
- Completed reload, in  0.461 seconds
Domain Reload Profiling:
	ReloadAssembly (461ms)
		BeginReloadAssembly (49ms)
			ExecutionOrderSort (0ms)
			DisableScriptedObjects (0ms)
			BackupInstance (0ms)
			ReleaseScriptingObjects (0ms)
			CreateAndSetChildDomain (1ms)
		EndReloadAssembly (363ms)
			LoadAssemblies (49ms)
			RebuildTransferFunctionScriptingTraits (0ms)
			SetupTypeCache (121ms)
			ReleaseScriptCaches (0ms)
			RebuildScriptCaches (23ms)
			SetupLoadedEditorAssemblies (137ms)
				LogAssemblyErrors (0ms)
				InitializePlatformSupportModulesInManaged (3ms)
				SetLoadedEditorAssemblies (0ms)
				RefreshPlugins (55ms)
				BeforeProcessingInitializeOnLoad (6ms)
				ProcessInitializeOnLoadAttributes (56ms)
				ProcessInitializeOnLoadMethodAttributes (17ms)
				AfterProcessingInitializeOnLoad (0ms)
				EditorAssembliesLoaded (0ms)
			ExecutionOrderSort2 (0ms)
			AwakeInstancesAfterBackupRestoration (0ms)
Platform modules already initialized, skipping
Registering precompiled user dll's ...
Registered in 0.003830 seconds.
Begin MonoManager ReloadAssembly
Native extension for WindowsStandalone target not found
Refreshing native plugins compatible for Editor in 1.06 ms, found 8 plugins.
Preloading 1 native plugins for Editor in 0.04 ms.
[XR] OculusXRPlugin: registering subsystems
[XR] Unable to register display lifecyle provider: [1]
[XR] Oculus Input lifecycle provider registered.
[XR] Unable to register input lifecyle provider: [1]
[XR] OVRP version 1.71.0
Mono: successfully reloaded assembly
- Completed reload, in  0.912 seconds
Domain Reload Profiling:
	ReloadAssembly (913ms)
		BeginReloadAssembly (157ms)
			ExecutionOrderSort (0ms)
			DisableScriptedObjects (4ms)
			BackupInstance (0ms)
			ReleaseScriptingObjects (0ms)
			CreateAndSetChildDomain (19ms)
		EndReloadAssembly (707ms)
			LoadAssemblies (118ms)
			RebuildTransferFunctionScriptingTraits (0ms)
			SetupTypeCache (310ms)
			ReleaseScriptCaches (0ms)
			RebuildScriptCaches (43ms)
			SetupLoadedEditorAssemblies (230ms)
				LogAssemblyErrors (0ms)
				InitializePlatformSupportModulesInManaged (3ms)
				SetLoadedEditorAssemblies (0ms)
				RefreshPlugins (1ms)
				BeforeProcessingInitializeOnLoad (45ms)
				ProcessInitializeOnLoadAttributes (164ms)
				ProcessInitializeOnLoadMethodAttributes (15ms)
				AfterProcessingInitializeOnLoad (1ms)
				EditorAssembliesLoaded (0ms)
			ExecutionOrderSort2 (0ms)
			AwakeInstancesAfterBackupRestoration (1ms)
Platform modules already initialized, skipping
========================================================================
Worker process is ready to serve import requests
Shader 'Oculus/OVRMRCameraFrameLit': fallback shader 'Alpha-Diffuse' not found
Launched and connected shader compiler UnityShaderCompiler.exe after 0.04 seconds
Refreshing native plugins compatible for Editor in 0.68 ms, found 8 plugins.
Preloading 1 native plugins for Editor in 0.03 ms.
Unloading 2804 Unused Serialized files (Serialized files now loaded: 0)
System memory in use before: 128.7 MB.
System memory in use after: 128.9 MB.

Unloading 60 unused Assets to reduce memory usage. Loaded Objects now: 3212.
Total: 2.277600 ms (FindLiveObjects: 0.172700 ms CreateObjectMapping: 0.046500 ms MarkObjects: 1.969500 ms  DeleteObjects: 0.087700 ms)

AssetImportParameters requested are different than current active one (requested -> active):
  custom:framework-win-MediaFoundation: 216162199b28c13a410421893ffa2e32 -> 
  custom:video-decoder-ogg-theora: a1e56fd34408186e4bbccfd4996cb3dc -> 
  custom:container-muxer-webm: aa71ff27fc2769a1b78a27578f13a17b -> 
  custom:container-demuxer-webm: 4f35f7cbe854078d1ac9338744f61a02 -> 
  custom:container-demuxer-ogg: 62fdf1f143b41e24485cea50d1cbac27 -> 
  custom:video-encoder-webm-vp8: eb34c28f22e8b96e1ab97ce403110664 -> 
  custom:video-codec-MediaFoundation-h265: 746d11721c4dcdbdad8f713fa42b33f4 -> 
  custom:video-decoder-webm-vp8: 9c59270c3fd7afecdb556c50c9e8de78 -> 
  custom:audio-decoder-ogg-vorbis: bf7c407c2cedff20999df2af8eb42d56 -> 
  custom:audio-encoder-webm-vorbis: bf7c407c2cedff20999df2af8eb42d56 -> 
========================================================================
Received Import Request.
  path: Assets/FMETP_STREAM/FMNetwork/Scripts/LargeFileDecoder.cs
  artifactKey: Guid(64d1a9a5ffdb34815b4b8ec3cd1997c7) Importer(815301076,1909f56bfc062723c751e8b465ee728b)
Start importing Assets/FMETP_STREAM/FMNetwork/Scripts/LargeFileDecoder.cs using Guid(64d1a9a5ffdb34815b4b8ec3cd1997c7) Importer(815301076,1909f56bfc062723c751e8b465ee728b)  -> (artifact id: 'bab2cc2d0d4799aed87e298c6316737f') in 0.033986 seconds 
========================================================================
Received Import Request.
  Time since last request: 30.621655 seconds.
  path: Assets/FMETP_STREAM/FMNetwork/Scripts/LargeFileEncoder.cs
  artifactKey: Guid(45c27f151479e4b4c8bdadb847566952) Importer(815301076,1909f56bfc062723c751e8b465ee728b)
Start importing Assets/FMETP_STREAM/FMNetwork/Scripts/LargeFileEncoder.cs using Guid(45c27f151479e4b4c8bdadb847566952) Importer(815301076,1909f56bfc062723c751e8b465ee728b)  -> (artifact id: 'b205d91b1d0dafbe16a7f58bbdb3b893') in 0.001467 seconds 
========================================================================
Received Import Request.
  Time since last request: 4.458688 seconds.
  path: Assets/FMETP_STREAM/FMWebSocket
  artifactKey: Guid(ab0adf27bbf9d43598d6cc1e416644fc) Importer(815301076,1909f56bfc062723c751e8b465ee728b)
Start importing Assets/FMETP_STREAM/FMWebSocket using Guid(ab0adf27bbf9d43598d6cc1e416644fc) Importer(815301076,1909f56bfc062723c751e8b465ee728b)  -> (artifact id: 'eb653eb4b9de4a20cbed2165d4ad53ab') in 0.003112 seconds 
========================================================================
Received Import Request.
  Time since last request: 45.984957 seconds.
  path: Assets/FMETP_STREAM/FMCore/Scripts/Editor/GameViewDecoder_Editor.cs
  artifactKey: Guid(98d0b1decdd66447ea76fb2811da4145) Importer(815301076,1909f56bfc062723c751e8b465ee728b)
Start importing Assets/FMETP_STREAM/FMCore/Scripts/Editor/GameViewDecoder_Editor.cs using Guid(98d0b1decdd66447ea76fb2811da4145) Importer(815301076,1909f56bfc062723c751e8b465ee728b)  -> (artifact id: '872292d3f7705368ad501bd97a6b534e') in 0.001328 seconds 
========================================================================
Received Import Request.
  Time since last request: 426.435016 seconds.
  path: Assets/FMETP_STREAM/FMCore/Plugins/FMZip/FMSharpZip.dll
  artifactKey: Guid(4aebbbb287f3d4f7ba0c390e303deef6) Importer(815301076,1909f56bfc062723c751e8b465ee728b)
Start importing Assets/FMETP_STREAM/FMCore/Plugins/FMZip/FMSharpZip.dll using Guid(4aebbbb287f3d4f7ba0c390e303deef6) Importer(815301076,1909f56bfc062723c751e8b465ee728b)  -> (artifact id: '789ae6eb7c5625c1aa82d76cf273eef0') in 0.026618 seconds 
AssetImportWorkerClient::OnTransportError - code=2 error=End of file
